[0225/005201:ERROR:process_reader_win.cc(233)] ReadMemory at 0x6ad60000 of 64 bytes failed: Only part of a ReadProcessMemory or WriteProcessMemory request was completed. (0x12B)
[0225/005201:WARNING:pe_image_reader.cc(281)] could not read dos header from C:\WINDOWS\SYSTEM32\ninput.dll
[0225/005201:ERROR:process_reader_win.cc(233)] ReadMemory at 0x743f0000 of 64 bytes failed: Only part of a ReadProcessMemory or WriteProcessMemory request was completed. (0x12B)
[0225/005201:WARNING:pe_image_reader.cc(281)] could not read dos header from C:\WINDOWS\SYSTEM32\NETAPI32.dll
[0225/005201:ERROR:process_reader_win.cc(233)] ReadMemory at 0x74010000 of 64 bytes failed: Only part of a ReadProcessMemory or WriteProcessMemory request was completed. (0x12B)
[0225/005201:WARNING:pe_image_reader.cc(281)] could not read dos header from C:\WINDOWS\SYSTEM32\NETUTILS.DLL
[0225/005201:ERROR:process_reader_win.cc(233)] ReadMemory at 0x73bf0000 of 64 bytes failed: Only part of a ReadProcessMemory or WriteProcessMemory request was completed. (0x12B)
[0225/005201:WARNING:pe_image_reader.cc(281)] could not read dos header from C:\WINDOWS\SYSTEM32\WKSCLI.DLL
[0225/005201:ERROR:process_reader_win.cc(233)] ReadMemory at 0x69230000 of 64 bytes failed: Only part of a ReadProcessMemory or WriteProcessMemory request was completed. (0x12B)
[0225/005201:WARNING:pe_image_reader.cc(281)] could not read dos header from C:\Program Files (x86)\360\360safe\safemon\safemon.dll
[0225/005201:ERROR:process_reader_win.cc(233)] ReadMemory at 0x6a3c0000 of 64 bytes failed: Only part of a ReadProcessMemory or WriteProcessMemory request was completed. (0x12B)
[0225/005201:WARNING:pe_image_reader.cc(281)] could not read dos header from C:\Program Files (x86)\360\360safe\safemon\iNetSafe.dll
[0225/005201:ERROR:process_reader_win.cc(233)] ReadMemory at 0x72ef0000 of 64 bytes failed: Only part of a ReadProcessMemory or WriteProcessMemory request was completed. (0x12B)
[0225/005201:WARNING:pe_image_reader.cc(281)] could not read dos header from C:\WINDOWS\SYSTEM32\dbghelp.dll
[0225/005201:ERROR:process_reader_win.cc(233)] ReadMemory at 0x6d550000 of 64 bytes failed: Only part of a ReadProcessMemory or WriteProcessMemory request was completed. (0x12B)
[0225/005201:WARNING:pe_image_reader.cc(281)] could not read dos header from C:\WINDOWS\WinSxS\x86_microsoft.windows.common-controls_6595b64144ccf1df_6.0.14393.447_none_89c64d28dafea4b9\COMCTL32.dll
[0225/005201:ERROR:process_reader_win.cc(233)] ReadMemory at 0x773f0000 of 64 bytes failed: Only part of a ReadProcessMemory or WriteProcessMemory request was completed. (0x12B)
[0225/005201:WARNING:pe_image_reader.cc(281)] could not read dos header from C:\WINDOWS\System32\COMDLG32.dll
[0225/005201:ERROR:process_reader_win.cc(233)] ReadMemory at 0x75530000 of 64 bytes failed: Only part of a ReadProcessMemory or WriteProcessMemory request was completed. (0x12B)
[0225/005201:WARNING:pe_image_reader.cc(281)] could not read dos header from C:\WINDOWS\System32\USP10.dll
[0225/005201:ERROR:process_reader_win.cc(233)] ReadMemory at 0x743c0000 of 64 bytes failed: Only part of a ReadProcessMemory or WriteProcessMemory request was completed. (0x12B)
[0225/005201:WARNING:pe_image_reader.cc(281)] could not read dos header from C:\WINDOWS\SYSTEM32\IPHLPAPI.DLL
[0225/005201:ERROR:process_reader_win.cc(233)] ReadMemory at 0x740d0000 of 64 bytes failed: Only part of a ReadProcessMemory or WriteProcessMemory request was completed. (0x12B)
[0225/005201:WARNING:pe_image_reader.cc(281)] could not read dos header from C:\WINDOWS\SYSTEM32\Secur32.dll
[0225/005201:ERROR:process_reader_win.cc(233)] ReadMemory at 0x6c550000 of 64 bytes failed: Only part of a ReadProcessMemory or WriteProcessMemory request was completed. (0x12B)
[0225/005201:WARNING:pe_image_reader.cc(281)] could not read dos header from C:\WINDOWS\SYSTEM32\DWrite.dll
[0225/005201:ERROR:process_reader_win.cc(233)] ReadMemory at 0x772b0000 of 64 bytes failed: Only part of a ReadProcessMemory or WriteProcessMemory request was completed. (0x12B)
[0225/005201:WARNING:pe_image_reader.cc(281)] could not read dos header from C:\WINDOWS\System32\MSASN1.dll
[0225/005201:ERROR:process_reader_win.cc(233)] ReadMemory at 0x746f0000 of 64 bytes failed: Only part of a ReadProcessMemory or WriteProcessMemory request was completed. (0x12B)
[0225/005201:WARNING:pe_image_reader.cc(281)] could not read dos header from C:\WINDOWS\System32\CRYPT32.dll
[0225/005201:ERROR:process_reader_win.cc(233)] ReadMemory at 0x77190000 of 64 bytes failed: Only part of a ReadProcessMemory or WriteProcessMemory request was completed. (0x12B)
[0225/005201:WARNING:pe_image_reader.cc(281)] could not read dos header from C:\WINDOWS\System32\WINTRUST.dll
[0225/005201:ERROR:process_reader_win.cc(233)] ReadMemory at 0x62f60000 of 64 bytes failed: Only part of a ReadProcessMemory or WriteProcessMemory request was completed. (0x12B)
[0225/005201:WARNING:pe_image_reader.cc(281)] could not read dos header from C:\Program Files (x86)\Google\Chrome\Application\54.0.2840.71\chrome_child.dll
[0225/005201:ERROR:process_reader_win.cc(233)] ReadMemory at 0x1036000 of 40960 bytes failed: Only part of a ReadProcessMemory or WriteProcessMemory request was completed. (0x12B)
[0225/005201:ERROR:crash_report_exception_handler.cc(98)] WriteEverything failed
[0225/005201:ERROR:scoped_process_suspend.cc(38)] NtResumeProcess: An attempt was made to access an exiting process.  (0xc000010a)
[0225/093452:ERROR:process_reader_win.cc(233)] ReadMemory at 0xf5b000 of 20480 bytes failed: Only part of a ReadProcessMemory or WriteProcessMemory request was completed. (0x12B)
[0225/093452:ERROR:crash_report_exception_handler.cc(98)] WriteEverything failed
[0225/093452:ERROR:scoped_process_suspend.cc(38)] NtResumeProcess: An attempt was made to access an exiting process.  (0xc000010a)
[0225/102243:ERROR:scoped_process_suspend.cc(38)] NtResumeProcess: An attempt was made to access an exiting process.  (0xc000010a)
